  CVRP.cpp
F:\backup\Néu\git\APA\CVRP\CVRP\CVRP.cpp(25): warning C4477: 'fscanf': a cadeia de formato '%s' requer um argumento do tipo 'char *', mas um argumento variadic 1 tem o tipo 'const char **'
F:\backup\Néu\git\APA\CVRP\CVRP\CVRP.cpp(26): error C2664: 'int strcmp(const char *,const char *)': não é possível converter um argumento 1 de 'const char **' em 'const char *'
  F:\backup\Néu\git\APA\CVRP\CVRP\CVRP.cpp(26): note: Tipos apontados não são relacionados; conversão requer reinterpret_cast, conversão C-style ou conversão function-style
F:\backup\Néu\git\APA\CVRP\CVRP\CVRP.cpp(32): warning C4477: 'printf': a cadeia de formato '%s' requer um argumento do tipo 'char *', mas um argumento variadic 1 tem o tipo 'const char **'
F:\backup\Néu\git\APA\CVRP\CVRP\CVRP.cpp(37): warning C4477: 'fscanf': a cadeia de formato '%s' requer um argumento do tipo 'char *', mas um argumento variadic 1 tem o tipo 'const char **'
F:\backup\Néu\git\APA\CVRP\CVRP\CVRP.cpp(38): error C2664: 'int strcmp(const char *,const char *)': não é possível converter um argumento 1 de 'const char **' em 'const char *'
  F:\backup\Néu\git\APA\CVRP\CVRP\CVRP.cpp(38): note: Tipos apontados não são relacionados; conversão requer reinterpret_cast, conversão C-style ou conversão function-style
F:\backup\Néu\git\APA\CVRP\CVRP\CVRP.cpp(44): warning C4477: 'printf': a cadeia de formato '%s' requer um argumento do tipo 'char *', mas um argumento variadic 1 tem o tipo 'const char **'
F:\backup\Néu\git\APA\CVRP\CVRP\CVRP.cpp(49): warning C4477: 'fscanf': a cadeia de formato '%s' requer um argumento do tipo 'char *', mas um argumento variadic 1 tem o tipo 'const char **'
F:\backup\Néu\git\APA\CVRP\CVRP\CVRP.cpp(50): error C2664: 'int strcmp(const char *,const char *)': não é possível converter um argumento 1 de 'const char **' em 'const char *'
  F:\backup\Néu\git\APA\CVRP\CVRP\CVRP.cpp(50): note: Tipos apontados não são relacionados; conversão requer reinterpret_cast, conversão C-style ou conversão function-style
F:\backup\Néu\git\APA\CVRP\CVRP\CVRP.cpp(56): warning C4477: 'printf': a cadeia de formato '%s' requer um argumento do tipo 'char *', mas um argumento variadic 1 tem o tipo 'const char **'
F:\backup\Néu\git\APA\CVRP\CVRP\CVRP.cpp(66): warning C4477: 'fscanf': a cadeia de formato '%s' requer um argumento do tipo 'char *', mas um argumento variadic 1 tem o tipo 'const char **'
F:\backup\Néu\git\APA\CVRP\CVRP\CVRP.cpp(67): error C2664: 'int strcmp(const char *,const char *)': não é possível converter um argumento 1 de 'const char **' em 'const char *'
  F:\backup\Néu\git\APA\CVRP\CVRP\CVRP.cpp(67): note: Tipos apontados não são relacionados; conversão requer reinterpret_cast, conversão C-style ou conversão function-style
F:\backup\Néu\git\APA\CVRP\CVRP\CVRP.cpp(70): warning C4477: 'fscanf': a cadeia de formato '%d' requer um argumento do tipo 'int *', mas um argumento variadic 1 tem o tipo 'int ***'
F:\backup\Néu\git\APA\CVRP\CVRP\CVRP.cpp(71): warning C4477: 'printf': a cadeia de formato '%d' requer um argumento do tipo 'int', mas um argumento variadic 2 tem o tipo 'int **'
F:\backup\Néu\git\APA\CVRP\CVRP\CVRP.cpp(89): warning C4477: 'fscanf': a cadeia de formato '%s' requer um argumento do tipo 'char *', mas um argumento variadic 1 tem o tipo 'const char **'
F:\backup\Néu\git\APA\CVRP\CVRP\CVRP.cpp(90): error C2664: 'int strcmp(const char *,const char *)': não é possível converter um argumento 1 de 'const char **' em 'const char *'
  F:\backup\Néu\git\APA\CVRP\CVRP\CVRP.cpp(90): note: Tipos apontados não são relacionados; conversão requer reinterpret_cast, conversão C-style ou conversão function-style
F:\backup\Néu\git\APA\CVRP\CVRP\CVRP.cpp(17): error C4996: 'fopen': This function or variable may be unsafe. Consider using fopen_s instead. To disable deprecation, use _CRT_SECURE_NO_WARNINGS. See online help for details.
  C:\Program Files (x86)\Windows Kits\10\Include\10.0.17763.0\ucrt\stdio.h(208): note: consulte a declaração de 'fopen'
F:\backup\Néu\git\APA\CVRP\CVRP\CVRP.cpp(25): error C4996: 'fscanf': This function or variable may be unsafe. Consider using fscanf_s instead. To disable deprecation, use _CRT_SECURE_NO_WARNINGS. See online help for details.
  C:\Program Files (x86)\Windows Kits\10\Include\10.0.17763.0\ucrt\stdio.h(1197): note: consulte a declaração de 'fscanf'
F:\backup\Néu\git\APA\CVRP\CVRP\CVRP.cpp(37): error C4996: 'fscanf': This function or variable may be unsafe. Consider using fscanf_s instead. To disable deprecation, use _CRT_SECURE_NO_WARNINGS. See online help for details.
  C:\Program Files (x86)\Windows Kits\10\Include\10.0.17763.0\ucrt\stdio.h(1197): note: consulte a declaração de 'fscanf'
F:\backup\Néu\git\APA\CVRP\CVRP\CVRP.cpp(49): error C4996: 'fscanf': This function or variable may be unsafe. Consider using fscanf_s instead. To disable deprecation, use _CRT_SECURE_NO_WARNINGS. See online help for details.
  C:\Program Files (x86)\Windows Kits\10\Include\10.0.17763.0\ucrt\stdio.h(1197): note: consulte a declaração de 'fscanf'
F:\backup\Néu\git\APA\CVRP\CVRP\CVRP.cpp(66): error C4996: 'fscanf': This function or variable may be unsafe. Consider using fscanf_s instead. To disable deprecation, use _CRT_SECURE_NO_WARNINGS. See online help for details.
  C:\Program Files (x86)\Windows Kits\10\Include\10.0.17763.0\ucrt\stdio.h(1197): note: consulte a declaração de 'fscanf'
F:\backup\Néu\git\APA\CVRP\CVRP\CVRP.cpp(89): error C4996: 'fscanf': This function or variable may be unsafe. Consider using fscanf_s instead. To disable deprecation, use _CRT_SECURE_NO_WARNINGS. See online help for details.
  C:\Program Files (x86)\Windows Kits\10\Include\10.0.17763.0\ucrt\stdio.h(1197): note: consulte a declaração de 'fscanf'
